<?xml version="1.0" encoding="UTF-8"?>
<testsuite xmlns:xsi="http://www.w3.org/2001/XMLSchema-instance" xsi:noNamespaceSchemaLocation="https://maven.apache.org/surefire/maven-failsafe-plugin/xsd/failsafe-test-report-3.0.xsd" version="3.0" name="Store API - Crear y consultar orden" time="8.812" tests="2" errors="0" skipped="0" failures="0">
  <properties>
[...]
</properties>
  <testcase name="Crear y consultar una orden en la tienda #1" classname="Store API - Crear y consultar orden" time="7.524">
    <system-out><![CDATA[20:35:23.934 [main] DEBUG net.thucydides.core.util.PropertiesFileLocalPreferences - LOADING LOCAL PROPERTIES FROM C:\Users\sharo\Desktop\Yo\Trabajo\NTTData\PRACTICA\EXAMEN\QAInnovationLab\serenity.properties 

20:35:24.005 [main] DEBUG net.thucydides.core.util.PropertiesFileLocalPreferences - LOADING LOCAL PROPERTIES FROM C:\Users\sharo\Desktop\Yo\Trabajo\NTTData\PRACTICA\EXAMEN\QAInnovationLab\serenity.properties 

20:35:24.017 [main] DEBUG net.thucydides.core.util.PropertiesFileLocalPreferences - LOADING LOCAL PROPERTIES FROM C:\Users\sharo\Desktop\Yo\Trabajo\NTTData\PRACTICA\EXAMEN\QAInnovationLab\serenity.properties 

20:35:24.066 [main] DEBUG net.thucydides.core.util.PropertiesFileLocalPreferences - serenity.project.name=Serenity and Cucumber QA Innovation Lab

20:35:24.973 [pool-2-thread-1] INFO io.cucumber.core.plugin.SerenityReporter - Running feature from file:///C:/Users/sharo/Desktop/Yo/Trabajo/NTTData/PRACTICA/EXAMEN/QAInnovationLab/src/test/resources/features/store/store.feature

20:35:25.653 [pool-2-thread-1] DEBUG net.thucydides.core.util.PropertiesFileLocalPreferences - LOADING LOCAL PROPERTIES FROM C:\Users\sharo\Desktop\Yo\Trabajo\NTTData\PRACTICA\EXAMEN\QAInnovationLab\serenity.properties 

20:35:25.662 [pool-2-thread-1] DEBUG net.thucydides.core.util.PropertiesFileLocalPreferences - LOADING LOCAL PROPERTIES FROM C:\Users\sharo\Desktop\Yo\Trabajo\NTTData\PRACTICA\EXAMEN\QAInnovationLab\serenity.properties 

20:35:25.663 [pool-2-thread-1] DEBUG net.thucydides.core.util.PropertiesFileLocalPreferences - LOADING LOCAL PROPERTIES FROM C:\Users\sharo\Desktop\Yo\Trabajo\NTTData\PRACTICA\EXAMEN\QAInnovationLab\serenity.properties 

20:35:25.664 [pool-2-thread-1] DEBUG net.thucydides.core.util.PropertiesFileLocalPreferences - serenity.project.name=Serenity and Cucumber QA Innovation Lab

20:35:25.681 [pool-2-thread-1] INFO  - 

-------------------------------------------------------------------------------------
     _______. _______ .______       _______ .__   __.  __  .___________.____    ____ 
    /       ||   ____||   _  \     |   ____||  \ |  | |  | |           |\   \  /   / 
   |   (----`|  |__   |  |_)  |    |  |__   |   \|  | |  | `---|  |----` \   \/   /  
    \   \    |   __|  |      /     |   __|  |  . `  | |  |     |  |       \_    _/   
.----)   |   |  |____ |  |\  \----.|  |____ |  |\   | |  |     |  |         |  |     
|_______/    |_______|| _| `._____||_______||__| \__| |__|     |__|         |__|    
                                                                                     
 News and tutorials at http://www.serenity-bdd.info                                  
 Documentation at https://wakaleo.gitbooks.io/the-serenity-book/content/             
 Join the Serenity Community on Gitter: https://gitter.im/serenity-bdd/serenity-core 
 Serenity BDD Support and Training at http://serenity-bdd.info/#/trainingandsupport  
-------------------------------------------------------------------------------------


20:35:25.689 [pool-2-thread-1] DEBUG net.thucydides.core.steps.StepEventBus - Test suite started for story net.thucydides.core.model.Story@ddc2245a

20:35:25.691 [pool-2-thread-1] INFO  - Test Suite Started: Store API - Crear y consultar orden



2
 Scenarios (
2 passed
)

6
 Steps (
6 passed
)

0m
9.590s





20:35:34.614 [pool-2-thread-1] DEBUG net.thucydides.core.reports.ReportService - Reporting formats: [JSON, HTML]

20:35:34.796 [pool-2-thread-1] DEBUG net.thucydides.core.reports.ReportService - Reporting formats: [JSON, HTML]

20:35:34.815 [pool-2-thread-1] DEBUG net.thucydides.core.reports.ReportService - Generating reports for 1 test outcomes using: net.thucydides.core.reports.json.JSONTestOutcomeReporter@4e9b63f0

20:35:34.818 [pool-2-thread-1] DEBUG net.thucydides.core.reports.ReportService - Processing test outcome Store API - Crear y consultar orden:Crear y consultar una orden en la tienda

20:35:34.818 [pool-2-thread-1] INFO net.thucydides.core.reports.ReportService - net.thucydides.core.reports.json.JSONTestOutcomeReporter@4e9b63f0: Generating report for test outcome: Store API - Crear y consultar orden:Crear y consultar una orden en la tienda

20:35:34.835 [pool-2-thread-1] DEBUG net.thucydides.core.reports.json.JSONTestOutcomeReporter - Generating JSON report for Crear y consultar una orden en la tienda to file C:\Users\sharo\Desktop\Yo\Trabajo\NTTData\PRACTICA\EXAMEN\QAInnovationLab\target\site\serenity\9c1401f64229aeb8e874f9a744af87f9c3e1b5960ecc60a02385e522d94af575.json (using temp file C:\Users\sharo\Desktop\Yo\Trabajo\NTTData\PRACTICA\EXAMEN\QAInnovationLab\target\site\serenity\9c1401f64229aeb8e874f9a744af87f9c3e1b5960ecc60a02385e522d94af575.json13330931-e597-473c-9155-5b0ac204f978)

20:35:34.904 [pool-2-thread-1] DEBUG net.thucydides.core.reports.ReportService - Processing test outcome Store API - Crear y consultar orden:Crear y consultar una orden en la tienda done

20:35:34.904 [pool-2-thread-1] DEBUG net.thucydides.core.reports.ReportService - Shutting down executor service

20:35:34.904 [pool-2-thread-1] DEBUG net.thucydides.core.reports.ReportService - Reports generated in: 88 ms

20:35:34.905 [pool-2-thread-1] DEBUG net.thucydides.core.reports.ReportService - Generating reports for 1 test outcomes using: net.thucydides.core.reports.html.HtmlAcceptanceTestReporter@4e006bcd

20:35:34.906 [pool-3-thread-1] DEBUG net.thucydides.core.reports.ReportService - Processing test outcome Store API - Crear y consultar orden:Crear y consultar una orden en la tienda

20:35:34.906 [pool-3-thread-1] INFO net.thucydides.core.reports.ReportService - net.thucydides.core.reports.html.HtmlAcceptanceTestReporter@4e006bcd: Generating report for test outcome: Store API - Crear y consultar orden:Crear y consultar una orden en la tienda

20:35:34.969 [pool-3-thread-1] DEBUG net.thucydides.core.requirements.model.cucumber.CucumberParser - Added feature Store API - Crear y consultar orden

20:35:34.982 [pool-3-thread-1] DEBUG net.thucydides.core.requirements.model.cucumber.CucumberParser - Added feature Consulta un servicio

20:35:34.989 [pool-3-thread-1] DEBUG net.thucydides.core.requirements.model.cucumber.CucumberParser - Added feature Crear usuario PetStore

20:35:35.003 [pool-3-thread-1] DEBUG net.thucydides.core.requirements.BaseRequirementsService - Requirement found for test outcome Crear y consultar una orden en la tienda-[]: Optional[Requirement{name='Store API - Crear y consultar orden', type='feature' parent = 'Store', cardNumber='null'}]

20:35:35.010 [pool-3-thread-1] DEBUG net.thucydides.core.requirements.BaseRequirementsService - Requirement found for test outcome Crear y consultar una orden en la tienda-[]: Optional[Requirement{name='Store API - Crear y consultar orden', type='feature' parent = 'Store', cardNumber='null'}]

20:35:36.982 [pool-3-thread-1] DEBUG serenity.reporting - Generating report in 9c1401f64229aeb8e874f9a744af87f9c3e1b5960ecc60a02385e522d94af575.html

20:35:38.202 [pool-3-thread-1] DEBUG serenity.reporting - Generated report 9c1401f64229aeb8e874f9a744af87f9c3e1b5960ecc60a02385e522d94af575.html in 1220 ms

20:35:38.203 [pool-3-thread-1] DEBUG net.thucydides.core.reports.ReportService - Processing test outcome Store API - Crear y consultar orden:Crear y consultar una orden en la tienda done

20:35:38.203 [pool-2-thread-1] DEBUG net.thucydides.core.reports.ReportService - Shutting down executor service

20:35:38.204 [pool-2-thread-1] DEBUG net.thucydides.core.reports.ReportService - Reports generated in: 3299 ms

20:35:38.672 [pool-2-thread-1] INFO io.cucumber.core.plugin.SerenityReporter - Cleanup test resources for URI file:///C:/Users/sharo/Desktop/Yo/Trabajo/NTTData/PRACTICA/EXAMEN/QAInnovationLab/src/test/resources/features/store/store.feature


Scenario Outline: Crear y consultar una orden en la tienda            # src/test/resources/features/store/store.feature:12
20:35:25.950 [pool-2-thread-1] INFO io.cucumber.core.plugin.SerenityReporter - Running feature from file:///C:/Users/sharo/Desktop/Yo/Trabajo/NTTData/PRACTICA/EXAMEN/QAInnovationLab/src/test/resources/features/store/store.feature
20:35:26.168 [pool-2-thread-1] INFO  - 
  _____   ___   ___   _____     ___   _____     _     ___   _____   ___   ___  
 |_   _| | __| / __| |_   _|   / __| |_   _|   /_\   | _ \ |_   _| | __| |   \ 
   | |   | _|  \__ \   | |     \__ \   | |    / _ \  |   /   | |   | _|  | |) |
   |_|   |___| |___/   |_|     |___/   |_|   /_/ \_\ |_|_\   |_|   |___| |___/ 

Crear y consultar una orden en la tienda(store-api---crear-y-consultar-orden;crear-y-consultar-una-orden-en-la-tienda)
--------------------------------------------------------------------------------
20:35:26.369 [pool-2-thread-1] DEBUG net.thucydides.core.requirements.model.cucumber.CucumberParser - Added feature Store API - Crear y consultar orden
20:35:26.420 [pool-2-thread-1] DEBUG net.thucydides.core.requirements.model.cucumber.CucumberParser - Added feature Consulta un servicio
20:35:26.433 [pool-2-thread-1] DEBUG net.thucydides.core.requirements.model.cucumber.CucumberParser - Added feature Crear usuario PetStore
Orden creada con ID: 10
  Given que envÃ­o una solicitud para crear una orden con:             # com.nttdata.example.StoreStepDefinitions.queEnvioUnaSolicitudParaCrearUnaOrdenCon(io.cucumber.datatable.DataTable)
  When consulto la orden con el ID 10                                 # com.nttdata.example.StoreStepDefinitions.consultoLaOrdenConElID(java.lang.Integer)
  Then la respuesta debe tener status 200 y los datos deben coincidir # com.nttdata.example.StoreStepDefinitions.validarDatosOrden()
20:35:33.249 [pool-2-thread-1] INFO  - 
  _____   ___   ___   _____     ___     _     ___   ___   ___   ___  
 |_   _| | __| / __| |_   _|   | _ \   /_\   / __| / __| | __| |   \ 
   | |   | _|  \__ \   | |     |  _/  / _ \  \__ \ \__ \ | _|  | |) |
   |_|   |___| |___/   |_|     |_|   /_/ \_\ |___/ |___/ |___| |___/ 

Crear y consultar una orden en la tienda
----------------------------------------------------------------------
]]></system-out>
  </testcase>
  <testcase name="Crear y consultar una orden en la tienda #2" classname="Store API - Crear y consultar orden" time="1.288">
    <system-out><![CDATA[
Scenario Outline: Crear y consultar una orden en la tienda            # src/test/resources/features/store/store.feature:13
20:35:33.262 [pool-2-thread-1] INFO io.cucumber.core.plugin.SerenityReporter - Running feature from file:///C:/Users/sharo/Desktop/Yo/Trabajo/NTTData/PRACTICA/EXAMEN/QAInnovationLab/src/test/resources/features/store/store.feature
Orden creada con ID: 11
  Given que envÃ­o una solicitud para crear una orden con:             # com.nttdata.example.StoreStepDefinitions.queEnvioUnaSolicitudParaCrearUnaOrdenCon(io.cucumber.datatable.DataTable)
  When consulto la orden con el ID 11                                 # com.nttdata.example.StoreStepDefinitions.consultoLaOrdenConElID(java.lang.Integer)
  Then la respuesta debe tener status 200 y los datos deben coincidir # com.nttdata.example.StoreStepDefinitions.validarDatosOrden()
20:35:34.543 [pool-2-thread-1] INFO  - 
  _____   ___   ___   _____     ___     _     ___   ___   ___   ___  
 |_   _| | __| / __| |_   _|   | _ \   /_\   / __| / __| | __| |   \ 
   | |   | _|  \__ \   | |     |  _/  / _ \  \__ \ \__ \ | _|  | |) |
   |_|   |___| |___/   |_|     |_|   /_/ \_\ |___/ |___/ |___| |___/ 

Crear y consultar una orden en la tienda
----------------------------------------------------------------------
]]></system-out>
  </testcase>
</testsuite>