<?xml version="1.0" encoding="UTF-8"?>
<testsuite xmlns:xsi="http://www.w3.org/2001/XMLSchema-instance" xsi:noNamespaceSchemaLocation="https://maven.apache.org/surefire/maven-failsafe-plugin/xsd/failsafe-test-report-3.0.xsd" version="3.0" name="Crear usuario PetStore" time="11.534" tests="1" errors="0" skipped="0" failures="0">
  <properties>
[...]
</properties>
  <testcase name="Crear usuario" classname="Crear usuario PetStore" time="11.534">
    <system-out><![CDATA[20:35:23.950 [main] DEBUG net.thucydides.core.util.PropertiesFileLocalPreferences - LOADING LOCAL PROPERTIES FROM C:\Users\sharo\Desktop\Yo\Trabajo\NTTData\PRACTICA\EXAMEN\QAInnovationLab\serenity.properties 

20:35:24.003 [main] DEBUG net.thucydides.core.util.PropertiesFileLocalPreferences - LOADING LOCAL PROPERTIES FROM C:\Users\sharo\Desktop\Yo\Trabajo\NTTData\PRACTICA\EXAMEN\QAInnovationLab\serenity.properties 

20:35:24.004 [main] DEBUG net.thucydides.core.util.PropertiesFileLocalPreferences - LOADING LOCAL PROPERTIES FROM C:\Users\sharo\Desktop\Yo\Trabajo\NTTData\PRACTICA\EXAMEN\QAInnovationLab\serenity.properties 

20:35:24.066 [main] DEBUG net.thucydides.core.util.PropertiesFileLocalPreferences - serenity.project.name=Serenity and Cucumber QA Innovation Lab

20:35:24.973 [pool-2-thread-1] INFO io.cucumber.core.plugin.SerenityReporter - Running feature from classpath:features/Consultar%20Articulos.feature

20:35:25.653 [pool-2-thread-1] DEBUG net.thucydides.core.util.PropertiesFileLocalPreferences - LOADING LOCAL PROPERTIES FROM C:\Users\sharo\Desktop\Yo\Trabajo\NTTData\PRACTICA\EXAMEN\QAInnovationLab\serenity.properties 

20:35:25.662 [pool-2-thread-1] DEBUG net.thucydides.core.util.PropertiesFileLocalPreferences - LOADING LOCAL PROPERTIES FROM C:\Users\sharo\Desktop\Yo\Trabajo\NTTData\PRACTICA\EXAMEN\QAInnovationLab\serenity.properties 

20:35:25.663 [pool-2-thread-1] DEBUG net.thucydides.core.util.PropertiesFileLocalPreferences - LOADING LOCAL PROPERTIES FROM C:\Users\sharo\Desktop\Yo\Trabajo\NTTData\PRACTICA\EXAMEN\QAInnovationLab\serenity.properties 

20:35:25.664 [pool-2-thread-1] DEBUG net.thucydides.core.util.PropertiesFileLocalPreferences - serenity.project.name=Serenity and Cucumber QA Innovation Lab

20:35:25.680 [pool-2-thread-1] INFO  - 

-------------------------------------------------------------------------------------
     _______. _______ .______       _______ .__   __.  __  .___________.____    ____ 
    /       ||   ____||   _  \     |   ____||  \ |  | |  | |           |\   \  /   / 
   |   (----`|  |__   |  |_)  |    |  |__   |   \|  | |  | `---|  |----` \   \/   /  
    \   \    |   __|  |      /     |   __|  |  . `  | |  |     |  |       \_    _/   
.----)   |   |  |____ |  |\  \----.|  |____ |  |\   | |  |     |  |         |  |     
|_______/    |_______|| _| `._____||_______||__| \__| |__|     |__|         |__|    
                                                                                     
 News and tutorials at http://www.serenity-bdd.info                                  
 Documentation at https://wakaleo.gitbooks.io/the-serenity-book/content/             
 Join the Serenity Community on Gitter: https://gitter.im/serenity-bdd/serenity-core 
 Serenity BDD Support and Training at http://serenity-bdd.info/#/trainingandsupport  
-------------------------------------------------------------------------------------


20:35:25.689 [pool-2-thread-1] DEBUG net.thucydides.core.steps.StepEventBus - Test suite started for story net.thucydides.core.model.Story@edc6a253

20:35:25.693 [pool-2-thread-1] INFO  - Test Suite Started: Consulta un servicio

20:35:25.731 [pool-2-thread-1] INFO io.cucumber.core.plugin.SerenityReporter - Running feature from classpath:features/crear_usuario.feature

20:35:25.737 [pool-2-thread-1] DEBUG net.thucydides.core.steps.StepEventBus - Test suite started for story net.thucydides.core.model.Story@5a81ff22

20:35:25.738 [pool-2-thread-1] INFO  - Test Suite Started: Crear usuario PetStore

20:35:25.738 [pool-2-thread-1] INFO io.cucumber.core.plugin.SerenityReporter - Running feature from classpath:features/store/store.feature

20:35:25.751 [pool-2-thread-1] DEBUG net.thucydides.core.steps.StepEventBus - Test suite started for story net.thucydides.core.model.Story@e6f9f845

20:35:25.752 [pool-2-thread-1] INFO  - Test Suite Started: Store API - Crear y consultar orden



1
 Scenarios (
&amp#27;[32m1 passed&amp#27;[0m
)

3
 Steps (
&amp#27;[32m3 passed&amp#27;[0m
)

0m
12.337s





20:35:37.301 [pool-2-thread-1] DEBUG net.thucydides.core.reports.ReportService - Reporting formats: [JSON, HTML]

20:35:37.592 [pool-2-thread-1] DEBUG net.thucydides.core.reports.ReportService - Reporting formats: [JSON, HTML]

20:35:37.762 [pool-2-thread-1] DEBUG net.thucydides.core.reports.ReportService - Generating reports for 1 test outcomes using: net.thucydides.core.reports.json.JSONTestOutcomeReporter@605517fd

20:35:37.780 [pool-2-thread-1] DEBUG net.thucydides.core.reports.ReportService - Processing test outcome Crear usuario PetStore:Crear usuario

20:35:37.781 [pool-2-thread-1] INFO net.thucydides.core.reports.ReportService - net.thucydides.core.reports.json.JSONTestOutcomeReporter@605517fd: Generating report for test outcome: Crear usuario PetStore:Crear usuario

20:35:37.819 [pool-2-thread-1] DEBUG net.thucydides.core.reports.json.JSONTestOutcomeReporter - Generating JSON report for Crear usuario to file C:\Users\sharo\Desktop\Yo\Trabajo\NTTData\PRACTICA\EXAMEN\QAInnovationLab\target\site\serenity\1e22bec5987d6199adf96fed523195593836dec5acbd437e87ba6ca080cae669.json (using temp file C:\Users\sharo\Desktop\Yo\Trabajo\NTTData\PRACTICA\EXAMEN\QAInnovationLab\target\site\serenity\1e22bec5987d6199adf96fed523195593836dec5acbd437e87ba6ca080cae669.json8e027e09-fa90-42be-a6ce-f2656a25df94)

20:35:37.907 [pool-2-thread-1] DEBUG net.thucydides.core.reports.ReportService - Processing test outcome Crear usuario PetStore:Crear usuario done

20:35:37.908 [pool-2-thread-1] DEBUG net.thucydides.core.reports.ReportService - Shutting down executor service

20:35:37.922 [pool-2-thread-1] DEBUG net.thucydides.core.reports.ReportService - Reports generated in: 160 ms

20:35:37.922 [pool-2-thread-1] DEBUG net.thucydides.core.reports.ReportService - Generating reports for 1 test outcomes using: net.thucydides.core.reports.html.HtmlAcceptanceTestReporter@3ac0c806

20:35:38.286 [pool-3-thread-1] DEBUG net.thucydides.core.reports.ReportService - Processing test outcome Crear usuario PetStore:Crear usuario

20:35:38.335 [pool-3-thread-1] INFO net.thucydides.core.reports.ReportService - net.thucydides.core.reports.html.HtmlAcceptanceTestReporter@3ac0c806: Generating report for test outcome: Crear usuario PetStore:Crear usuario

20:35:38.610 [pool-3-thread-1] DEBUG net.thucydides.core.requirements.model.cucumber.CucumberParser - Added feature Store API - Crear y consultar orden

20:35:39.000 [pool-3-thread-1] DEBUG net.thucydides.core.requirements.model.cucumber.CucumberParser - Added feature Consulta un servicio

20:35:39.023 [pool-3-thread-1] DEBUG net.thucydides.core.requirements.model.cucumber.CucumberParser - Added feature Crear usuario PetStore

20:35:39.057 [pool-3-thread-1] DEBUG net.thucydides.core.requirements.BaseRequirementsService - Requirement found for test outcome Crear usuario-[]: Optional[Requirement{name='Crear usuario PetStore', type='feature' parent = 'null', cardNumber='null'}]

20:35:39.064 [pool-3-thread-1] DEBUG net.thucydides.core.requirements.BaseRequirementsService - Requirement found for test outcome Crear usuario-[]: Optional[Requirement{name='Crear usuario PetStore', type='feature' parent = 'null', cardNumber='null'}]

20:35:39.345 [pool-3-thread-1] DEBUG serenity.reporting - Generating report in 1e22bec5987d6199adf96fed523195593836dec5acbd437e87ba6ca080cae669.html

20:35:40.077 [pool-3-thread-1] DEBUG serenity.reporting - Generated report 1e22bec5987d6199adf96fed523195593836dec5acbd437e87ba6ca080cae669.html in 733 ms

20:35:40.079 [pool-3-thread-1] DEBUG net.thucydides.core.reports.ReportService - Processing test outcome Crear usuario PetStore:Crear usuario done

20:35:40.079 [pool-2-thread-1] DEBUG net.thucydides.core.reports.ReportService - Shutting down executor service

20:35:40.079 [pool-2-thread-1] DEBUG net.thucydides.core.reports.ReportService - Reports generated in: 2157 ms

20:35:40.459 [pool-2-thread-1] INFO io.cucumber.core.plugin.SerenityReporter - Cleanup test resources for URI classpath:features/crear_usuario.feature


@test1
Scenario: Crear usuario                                                          &amp#27;[90m# features/crear_usuario.feature:4&amp#27;[0m
20:35:26.007 [pool-2-thread-1] INFO io.cucumber.core.plugin.SerenityReporter - Running feature from classpath:features/crear_usuario.feature
20:35:26.183 [pool-2-thread-1] INFO  - 
  _____   ___   ___   _____     ___   _____     _     ___   _____   ___   ___  
 |_   _| | __| / __| |_   _|   / __| |_   _|   /_\   | _ \ |_   _| | __| |   \ 
   | |   | _|  \__ \   | |     \__ \   | |    / _ \  |   /   | |   | _|  | |) |
   |_|   |___| |___/   |_|     |___/   |_|   /_/ \_\ |_|_\   |_|   |___| |___/ 

Crear usuario(crear-usuario-petstore;crear-usuario)
--------------------------------------------------------------------------------
20:35:26.370 [pool-2-thread-1] DEBUG net.thucydides.core.requirements.model.cucumber.CucumberParser - Added feature Store API - Crear y consultar orden
20:35:26.412 [pool-2-thread-1] DEBUG net.thucydides.core.requirements.model.cucumber.CucumberParser - Added feature Consulta un servicio
20:35:26.430 [pool-2-thread-1] DEBUG net.thucydides.core.requirements.model.cucumber.CucumberParser - Added feature Crear usuario PetStore
-> Deshabilitando la validación de SSL
20:35:28.835 [pool-2-thread-1] DEBUG net.thucydides.core.steps.StepInterceptor - STARTING STEP: CrearUsuarioStepsDefs.crearUsuario - Crear usuario {0} en PetStore
Request method:	POST
Request URI:	https://petstore.swagger.io/v2/user
Proxy:			<none>
Request params:	<none>
Query params:	<none>
Form params:	<none>
Path params:	<none>
Headers:		Accept=*/*
				Content-Type=application/json; charset=UTF-8
Cookies:		<none>
Multiparts:		<none>
Body:
{
    "id": 0,
    "username": "jperez",
    "firstName": "Juan",
    "lastName": "Perez",
    "email": "string",
    "password": "string",
    "phone": "string",
    "userStatus": 0
}
HTTP/1.1 200 OK
Date: Tue, 07 Oct 2025 01:35:34 GMT
Content-Type: application/json
Transfer-Encoding: chunked
Connection: keep-alive
Access-Control-Allow-Origin: *
Access-Control-Allow-Methods: GET, POST, DELETE, PUT
Access-Control-Allow-Headers: Content-Type, api_key, Authorization
Server: Jetty(9.2.9.v20150224)

{
    "code": 200,
    "type": "unknown",
    "message": "7782709633996030473"
}
20:35:34.634 [pool-2-thread-1] DEBUG net.thucydides.core.steps.StepInterceptor - STEP DONE: Crear usuario {0} en PetStore
  &amp#27;[32mWhen &amp#27;[0m&amp#27;[32mcreo el usuario con username &amp#27;[0m&amp#27;[32m&amp#27;[1m"jperez"&amp#27;[0m&amp#27;[32m, firstname &amp#27;[0m&amp#27;[32m&amp#27;[1m"Juan"&amp#27;[0m&amp#27;[32m, lastname &amp#27;[0m&amp#27;[32m&amp#27;[1m"Perez"&amp#27;[0m &amp#27;[90m# com.nttdata.glue.CrearUsuarioStepsDefs.crearUsuario(java.lang.String,java.lang.String,java.lang.String)&amp#27;[0m
  &amp#27;[32mThen &amp#27;[0m&amp#27;[32mel cÃ³digo de respuesta es &amp#27;[0m&amp#27;[32m&amp#27;[1m200&amp#27;[0m                                             &amp#27;[90m# com.nttdata.glue.CrearUsuarioStepsDefs.elCÃ³digoDeRespuestaEs(int)&amp#27;[0m
Type: unknown
{"code":200,"type":"unknown","message":"7782709633996030473"}
{"code":200,"type":"unknown","message":"7782709633996030473"}
  &amp#27;[32mAnd &amp#27;[0m&amp#27;[32mel type es &amp#27;[0m&amp#27;[32m&amp#27;[1m"unknown"&amp#27;[0m                                                       &amp#27;[90m# com.nttdata.glue.CrearUsuarioStepsDefs.elTypeEs(java.lang.String)&amp#27;[0m
20:35:37.279 [pool-2-thread-1] INFO  - 
  _____   ___   ___   _____     ___     _     ___   ___   ___   ___  
 |_   _| | __| / __| |_   _|   | _ \   /_\   / __| / __| | __| |   \ 
   | |   | _|  \__ \   | |     |  _/  / _ \  \__ \ \__ \ | _|  | |) |
   |_|   |___| |___/   |_|     |_|   /_/ \_\ |___/ |___/ |___| |___/ 

Crear usuario
----------------------------------------------------------------------
]]></system-out>
  </testcase>
</testsuite>